<?xml version="1.0" encoding="UTF-8"?>
<testsuite xmlns:xsi="http://www.w3.org/2001/XMLSchema-instance" xsi:noNamespaceSchemaLocation="https://maven.apache.org/surefire/maven-surefire-plugin/xsd/surefire-test-report-3.0.xsd" version="3.0" name="br.edu.umfg.exerciciosAPI.ExerciciosApiApplicationTests" time="2.601" tests="1" errors="0" skipped="0" failures="0">
  <properties>
[...]
</properties>
  <testcase name="contextLoads" classname="br.edu.umfg.exerciciosAPI.ExerciciosApiApplicationTests" time="0.723">
    <system-out><![CDATA[21:58:59.114 [main] INFO org.springframework.test.context.support.AnnotationConfigContextLoaderUtils -- Could not detect default configuration classes for test class [br.edu.umfg.exerciciosAPI.ExerciciosApiApplicationTests]: ExerciciosApiApplicationTests does not declare any static, non-private, non-final, nested classes annotated with @Configuration.
21:58:59.216 [main] INFO org.springframework.boot.test.context.SpringBootTestContextBootstrapper -- Found @SpringBootConfiguration br.edu.umfg.exerciciosAPI.ExerciciosApiApplication for test class br.edu.umfg.exerciciosAPI.ExerciciosApiApplicationTests

  .   ____          _            __ _ _
 /\\ / ___'_ __ _ _(_)_ __  __ _ \ \ \ \
( ( )\___ | '_ | '_| | '_ \/ _` | \ \ \ \
 \\/  ___)| |_)| | | | | || (_| |  ) ) ) )
  '  |____| .__|_| |_|_| |_\__, | / / / /
 =========|_|==============|___/=/_/_/_/
 :: Spring Boot ::                (v3.1.4)

2023-10-18T21:58:59.588-03:00  INFO 11756 --- [           main] b.e.u.e.ExerciciosApiApplicationTests    : Starting ExerciciosApiApplicationTests using Java 17.0.8 with PID 11756 (started by umfg.lab04 in C:\Users\facec.lab04\Desktop\Atividade18_10Back\programacao-iii-aula-11-10-2023)
2023-10-18T21:58:59.589-03:00  INFO 11756 --- [           main] b.e.u.e.ExerciciosApiApplicationTests    : No active profile set, falling back to 1 default profile: "default"
2023-10-18T21:59:00.800-03:00  INFO 11756 --- [           main] b.e.u.e.ExerciciosApiApplicationTests    : Started ExerciciosApiApplicationTests in 1.426 seconds (process running for 2.384)
]]></system-out>
  </testcase>
</testsuite>